Exception at PC 0x00007FFD4C4B7788
Exception at PC 0x00007FFD4C4B7788
Exception at PC 0x00007FFD4C4B7788
Exception at PC 0x00007FFD4C4B7788
Exception at PC 0x00007FFD4C4B7788
Exception at PC 0x00007FFD4C4B7788
Exception at PC 0x00007FFD4C4B7788
Exception at PC 0x00007FFD4C4B7788
Exception at PC 0x00007FFD4C4B7788
Exception at PC 0x00007FFD4C4B7788
Unable to capture context for thread 1996 in process 18084, can not generate back trace
Exception at PC 0x00007FFCF146BB93
Printing stacktrace...

Unable to capture context for thread 13752 in process 18084, can not generate back trace
Exception at PC 0x00007FFD4C4B7788
Exception at PC 0x00007FFD4C4B7788
Exception at PC 0x00007FFD4C4B7788
Exception at PC 0x00007FFD4C4B7788
Exception at PC 0x00007FFD4C4B7788
Exception at PC 0x00007FFD4C4B7788
Exception at PC 0x00007FFD4C4B7788
Exception at PC 0x00007FFD4C4B7788
Exception at PC 0x00007FFD4C4B7788
Exception at PC 0x00007FFD4C4B7788
Exception at PC 0x00007FFD4C4B7788
Exception at PC 0x00007FFD4C4B7788
Exception at PC 0x00007FFD4C4B7788
Exception at PC 0x00007FFD4C4B7788
Exception at PC 0x00007FFD4C4B7788
Exception at PC 0x00007FFD4C4B7788
Exception at PC 0x00007FFD4C4B7788
Exception at PC 0x00007FFD4C4B7788
[0]  [0x00007FFCF146BB93]
[1]  [0x00007FFCF146BB93]
[2]  [0x00007FFCF146B4A1]
[3]  [0x00007FFCF146B3EF]
[4]  [0x00007FFCF14519FE]
[5]  [0x00007FFCF1450ED1]
[6]  [0x00007FFCF1450D76]
[7]  [0x00007FFCF13F79F6]
[8]  [0x00007FFCF13E7AFB]
[9]  [0x00007FFCF150E90A]
[10]  [0x00007FFCF1529F87]
[11]  [0x00007FFCF152A05F]
[12] (BaseThreadInitThunk+0x14) [0x00007FFD4EF98364]
[13] (RtlUserThreadStart+0x21) [0x00007FFD4F7270D1]
Done
Exception at PC 0x00007FFD4C4B7788
Exception at PC 0x00007FFD4C4B7788
