Copyright 1986-2016 Xilinx, Inc. All Rights Reserved.
----------------------------------------------------------------------------------------------------------------------------------------------
| Tool Version     : Vivado v.2016.2 (win64) Build 1577090 Thu Jun  2 16:32:40 MDT 2016
| Date             : Sat Dec 09 16:17:40 2017
| Host             : DESKTOP-TMLJAH8 running 64-bit major release  (build 9200)
| Command          : report_power -file mips_top_power_routed.rpt -pb mips_top_power_summary_routed.pb -rpx mips_top_power_routed.rpx
| Design           : mips_top
| Device           : xc7k325tffg676-2L
| Design State     : routed
| Grade            : extended
| Process          : typical
| Characterization : Production
----------------------------------------------------------------------------------------------------------------------------------------------

Power Report

Table of Contents
-----------------
1. Summary
1.1 On-Chip Components
1.2 Power Supply Summary
1.3 Confidence Level
2. Settings
2.1 Environment
2.2 Clock Constraints
3. Detailed Reports
3.1 By Hierarchy

1. Summary
----------

+--------------------------+-------+
| Total On-Chip Power (W)  | 7.061 |
| Dynamic (W)              | 6.842 |
| Device Static (W)        | 0.219 |
| Effective TJA (C/W)      | 1.9   |
| Max Ambient (C)          | 86.7  |
| Junction Temperature (C) | 38.3  |
| Confidence Level         | Low   |
| Setting File             | ---   |
| Simulation Activity File | ---   |
| Design Nets Matched      | NA    |
+--------------------------+-------+


1.1 On-Chip Components
----------------------

+--------------------------+-----------+----------+-----------+-----------------+
| On-Chip                  | Power (W) | Used     | Available | Utilization (%) |
+--------------------------+-----------+----------+-----------+-----------------+
| Slice Logic              |     1.027 |     3215 |       --- |             --- |
|   LUT as Logic           |     0.895 |     1828 |    203800 |            0.90 |
|   CARRY4                 |     0.069 |       70 |     50950 |            0.14 |
|   Register               |     0.030 |      751 |    407600 |            0.18 |
|   BUFG                   |     0.029 |        5 |        32 |           15.63 |
|   LUT as Distributed RAM |     0.002 |      142 |     64000 |            0.22 |
|   F7/F8 Muxes            |     0.001 |       68 |    203800 |            0.03 |
|   LUT as Shift Register  |    <0.001 |        3 |     64000 |           <0.01 |
|   Others                 |     0.000 |       36 |       --- |             --- |
| Signals                  |     1.101 |     2706 |       --- |             --- |
| Block RAM                |     0.130 |        1 |       445 |            0.22 |
| MMCM                     |     3.589 |        2 |        10 |           20.00 |
| I/O                      |     0.995 |       38 |       400 |            9.50 |
| Static Power             |     0.219 |          |           |                 |
| Total                    |     7.061 |          |           |                 |
+--------------------------+-----------+----------+-----------+-----------------+


1.2 Power Supply Summary
------------------------

+-----------+-------------+-----------+-------------+------------+
| Source    | Voltage (V) | Total (A) | Dynamic (A) | Static (A) |
+-----------+-------------+-----------+-------------+------------+
| Vccint    |       1.000 |     2.485 |       2.366 |      0.119 |
| Vccaux    |       1.800 |     2.024 |       1.993 |      0.031 |
| Vcco33    |       3.300 |     0.260 |       0.259 |      0.001 |
| Vcco25    |       2.500 |     0.000 |       0.000 |      0.000 |
| Vcco18    |       1.800 |     0.006 |       0.005 |      0.001 |
| Vcco15    |       1.500 |     0.010 |       0.009 |      0.001 |
| Vcco135   |       1.350 |     0.000 |       0.000 |      0.000 |
| Vcco12    |       1.200 |     0.000 |       0.000 |      0.000 |
| Vccaux_io |       1.800 |     0.000 |       0.000 |      0.000 |
| Vccbram   |       1.000 |     0.013 |       0.010 |      0.002 |
| MGTAVcc   |       1.000 |     0.000 |       0.000 |      0.000 |
| MGTAVtt   |       1.200 |     0.000 |       0.000 |      0.000 |
| MGTVccaux |       1.800 |     0.000 |       0.000 |      0.000 |
| Vccadc    |       1.800 |     0.020 |       0.000 |      0.020 |
+-----------+-------------+-----------+-------------+------------+


1.3 Confidence Level
--------------------

+-----------------------------+------------+--------------------------------------------------------+--------------------------------------------------------------------------------------------------------------------+
| User Input Data             | Confidence | Details                                                | Action                                                                                                             |
+-----------------------------+------------+--------------------------------------------------------+--------------------------------------------------------------------------------------------------------------------+
| Design implementation state | High       | Design is routed                                       |                                                                                                                    |
| Clock nodes activity        | Low        | User specified less than 75% of clocks                 | Provide missing clock activity with a constraint file, simulation results or by editing the "By Clock Domain" view |
| I/O nodes activity          | Low        | More than 75% of inputs are missing user specification | Provide missing input activity with simulation results or by editing the "By Resource Type -> I/Os" view           |
| Internal nodes activity     | Medium     | User specified less than 25% of internal nodes         | Provide missing internal nodes activity with simulation results or by editing the "By Resource Type" views         |
| Device models               | High       | Device models are Production                           |                                                                                                                    |
|                             |            |                                                        |                                                                                                                    |
| Overall confidence level    | Low        |                                                        |                                                                                                                    |
+-----------------------------+------------+--------------------------------------------------------+--------------------------------------------------------------------------------------------------------------------+


2. Settings
-----------

2.1 Environment
---------------

+-----------------------+--------------------------+
| Ambient Temp (C)      | 25.0                     |
| ThetaJA (C/W)         | 1.9                      |
| Airflow (LFM)         | 250                      |
| Heat Sink             | medium (Medium Profile)  |
| ThetaSA (C/W)         | 3.4                      |
| Board Selection       | medium (10"x10")         |
| # of Board Layers     | 12to15 (12 to 15 Layers) |
| Board Temperature (C) | 25.0                     |
+-----------------------+--------------------------+


2.2 Clock Constraints
---------------------

+-------+--------+-----------------+
| Clock | Domain | Constraint (ns) |
+-------+--------+-----------------+


3. Detailed Reports
-------------------

3.1 By Hierarchy
----------------

+---------------------------------------+-----------+
| Name                                  | Power (W) |
+---------------------------------------+-----------+
| mips_top                              |     6.842 |
|   BTN_SCAN                            |     0.099 |
|   CLK_DIFF                            |     0.014 |
|   CLK_GEN                             |     1.889 |
|   CLK_GEN_2                           |     1.866 |
|   DISPLAY                             |     0.016 |
|     P2S_LED                           |     0.004 |
|     P2S_SEG                           |    <0.001 |
|   MIPS                                |     0.993 |
|     DATA_RAM                          |     0.115 |
|     INST_ROM                          |     0.043 |
|     MIPS_CORE                         |     0.835 |
|       CONTROLLER                      |    <0.001 |
|       DATAPATH                        |     0.833 |
|         CP0                           |     0.016 |
|           cP0_REGFILE                 |     0.014 |
|             regfile_reg_r1_0_31_0_5   |    <0.001 |
|             regfile_reg_r1_0_31_12_17 |    <0.001 |
|             regfile_reg_r1_0_31_18_23 |    <0.001 |
|             regfile_reg_r1_0_31_24_29 |    <0.001 |
|             regfile_reg_r1_0_31_30_31 |    <0.001 |
|             regfile_reg_r1_0_31_6_11  |    <0.001 |
|             regfile_reg_r2_0_31_0_5   |    <0.001 |
|             regfile_reg_r2_0_31_12_17 |    <0.001 |
|             regfile_reg_r2_0_31_18_23 |    <0.001 |
|             regfile_reg_r2_0_31_24_29 |    <0.001 |
|             regfile_reg_r2_0_31_30_31 |    <0.001 |
|             regfile_reg_r2_0_31_6_11  |    <0.001 |
|         REGFILE                       |     0.058 |
|           regfile_reg_r1_0_31_0_5     |    <0.001 |
|           regfile_reg_r1_0_31_12_17   |    <0.001 |
|           regfile_reg_r1_0_31_18_23   |    <0.001 |
|           regfile_reg_r1_0_31_24_29   |    <0.001 |
|           regfile_reg_r1_0_31_30_31   |    <0.001 |
|           regfile_reg_r1_0_31_6_11    |    <0.001 |
|           regfile_reg_r2_0_31_0_5     |    <0.001 |
|           regfile_reg_r2_0_31_12_17   |    <0.001 |
|           regfile_reg_r2_0_31_18_23   |    <0.001 |
|           regfile_reg_r2_0_31_24_29   |    <0.001 |
|           regfile_reg_r2_0_31_30_31   |    <0.001 |
|           regfile_reg_r2_0_31_6_11    |    <0.001 |
|           regfile_reg_r3_0_31_0_5     |    <0.001 |
|           regfile_reg_r3_0_31_12_17   |    <0.001 |
|           regfile_reg_r3_0_31_18_23   |    <0.001 |
|           regfile_reg_r3_0_31_24_29   |    <0.001 |
|           regfile_reg_r3_0_31_30_31   |    <0.001 |
|           regfile_reg_r3_0_31_6_11    |    <0.001 |
|   VGA                                 |     0.358 |
|   VGA_DEBUG                           |     0.544 |
|     Mram_data_buf1                    |    <0.001 |
|     Mram_data_buf2                    |    <0.001 |
|     Mram_data_buf3                    |    <0.001 |
|     Mram_data_buf4                    |    <0.001 |
|     Mram_data_buf5                    |    <0.001 |
|     Mram_data_buf61                   |    <0.001 |
|     Mram_data_buf62                   |    <0.001 |
+---------------------------------------+-----------+


